../craftinginterpreters/test/closure/reuse_closure_slot.lox actual
a
../craftinginterpreters/test/closure/reuse_closure_slot.lox expected
a

../craftinginterpreters/test/closure/assign_to_shadowed_later.lox actual
inner
assigned
../craftinginterpreters/test/closure/assign_to_shadowed_later.lox expected
inner
assigned

../craftinginterpreters/test/closure/close_over_later_variable.lox actual
b
a
../craftinginterpreters/test/closure/close_over_later_variable.lox expected
b
a

../craftinginterpreters/test/closure/closed_closure_in_function.lox actual
local
../craftinginterpreters/test/closure/closed_closure_in_function.lox expected
local

../craftinginterpreters/test/closure/unused_later_closure.lox actual
a
../craftinginterpreters/test/closure/unused_later_closure.lox expected
a

../craftinginterpreters/test/closure/shadow_closure_with_local.lox actual
closure
closure
closure
../craftinginterpreters/test/closure/shadow_closure_with_local.lox expected
closure
shadow
closure

../craftinginterpreters/test/closure/unused_closure.lox actual
ok
../craftinginterpreters/test/closure/unused_closure.lox expected
ok

../craftinginterpreters/test/closure/close_over_function_parameter.lox actual
param
../craftinginterpreters/test/closure/close_over_function_parameter.lox expected
param

../craftinginterpreters/test/closure/close_over_method_parameter.lox actual
param
../craftinginterpreters/test/closure/close_over_method_parameter.lox expected
param

../craftinginterpreters/test/closure/open_closure_in_function.lox actual
local
../craftinginterpreters/test/closure/open_closure_in_function.lox expected
local

../craftinginterpreters/test/closure/reference_closure_multiple_times.lox actual
a
a
../craftinginterpreters/test/closure/reference_closure_multiple_times.lox expected
a
a

../craftinginterpreters/test/closure/nested_closure.lox actual
a
b
c
../craftinginterpreters/test/closure/nested_closure.lox expected
a
b
c

../craftinginterpreters/test/closure/assign_to_closure.lox actual
local
after f
after f
after g
../craftinginterpreters/test/closure/assign_to_closure.lox expected
local
after f
after f
after g

../craftinginterpreters/test/comments/line_at_eof.lox actual
ok
../craftinginterpreters/test/comments/line_at_eof.lox expected
ok

../craftinginterpreters/test/comments/only_line_comment.lox actual
thread 'main' panicked at 'already mutably borrowed: BorrowError', src/parser.rs:209:22
note: run with `RUST_BACKTRACE=1` environment variable to display a backtrace
../craftinginterpreters/test/comments/only_line_comment.lox expected

../craftinginterpreters/test/comments/unicode.lox actual
ok
../craftinginterpreters/test/comments/unicode.lox expected
ok

../craftinginterpreters/test/comments/only_line_comment_and_line.lox actual
thread 'main' panicked at 'already mutably borrowed: BorrowError', src/parser.rs:209:22
note: run with `RUST_BACKTRACE=1` environment variable to display a backtrace
../craftinginterpreters/test/comments/only_line_comment_and_line.lox expected

../craftinginterpreters/test/empty_file.lox actual
thread 'main' panicked at 'already mutably borrowed: BorrowError', src/parser.rs:209:22
note: run with `RUST_BACKTRACE=1` environment variable to display a backtrace
../craftinginterpreters/test/empty_file.lox expected

../craftinginterpreters/test/limit/too_many_constants.lox actual
../craftinginterpreters/test/limit/too_many_constants.lox expected

../craftinginterpreters/test/limit/no_reuse_constants.lox actual
../craftinginterpreters/test/limit/no_reuse_constants.lox expected

../craftinginterpreters/test/limit/too_many_upvalues.lox actual
../craftinginterpreters/test/limit/too_many_upvalues.lox expected

../craftinginterpreters/test/limit/stack_overflow.lox actual

thread 'main' has overflowed its stack
fatal runtime error: stack overflow
../craftinginterpreters/test/limit/stack_overflow.lox expected

../craftinginterpreters/test/limit/too_many_locals.lox actual
../craftinginterpreters/test/limit/too_many_locals.lox expected

../craftinginterpreters/test/limit/loop_too_large.lox actual
../craftinginterpreters/test/limit/loop_too_large.lox expected

../craftinginterpreters/test/variable/in_nested_block.lox actual
outer
../craftinginterpreters/test/variable/in_nested_block.lox expected
outer

../craftinginterpreters/test/variable/scope_reuse_in_different_blocks.lox actual
first
second
../craftinginterpreters/test/variable/scope_reuse_in_different_blocks.lox expected
first
second

../craftinginterpreters/test/variable/local_from_method.lox actual
variable
../craftinginterpreters/test/variable/local_from_method.lox expected
variable

../craftinginterpreters/test/variable/use_global_in_initializer.lox actual
value
../craftinginterpreters/test/variable/use_global_in_initializer.lox expected
value

../craftinginterpreters/test/variable/use_this_as_var.lox actual
Error: expected to find type Identifier Expect variable name.
line 1 col 4..8

../craftinginterpreters/test/variable/use_this_as_var.lox expected

../craftinginterpreters/test/variable/redeclare_global.lox actual
nil
../craftinginterpreters/test/variable/redeclare_global.lox expected
nil

../craftinginterpreters/test/variable/use_nil_as_var.lox actual
Error: expected to find type Identifier Expect variable name.
line 1 col 4..7

../craftinginterpreters/test/variable/use_nil_as_var.lox expected

../craftinginterpreters/test/variable/undefined_global.lox actual
Error: variable notDefined not found
../craftinginterpreters/test/variable/undefined_global.lox expected

../craftinginterpreters/test/variable/shadow_and_local.lox actual
outer
outer
../craftinginterpreters/test/variable/shadow_and_local.lox expected
outer
inner

../craftinginterpreters/test/variable/early_bound.lox actual
outer
outer
../craftinginterpreters/test/variable/early_bound.lox expected
outer
outer

../craftinginterpreters/test/variable/duplicate_parameter.lox actual
../craftinginterpreters/test/variable/duplicate_parameter.lox expected

../craftinginterpreters/test/variable/uninitialized.lox actual
nil
../craftinginterpreters/test/variable/uninitialized.lox expected
nil

../craftinginterpreters/test/variable/use_false_as_var.lox actual
Error: expected to find type Identifier Expect variable name.
line 1 col 4..9

../craftinginterpreters/test/variable/use_false_as_var.lox expected

../craftinginterpreters/test/variable/shadow_global.lox actual
shadow
global
../craftinginterpreters/test/variable/shadow_global.lox expected
shadow
global

../craftinginterpreters/test/variable/duplicate_local.lox actual
../craftinginterpreters/test/variable/duplicate_local.lox expected

../craftinginterpreters/test/variable/in_middle_of_block.lox actual
a
a b
a c
a b d
../craftinginterpreters/test/variable/in_middle_of_block.lox expected
a
a b
a c
a b d

../craftinginterpreters/test/variable/shadow_local.lox actual
local
local
../craftinginterpreters/test/variable/shadow_local.lox expected
shadow
local

../craftinginterpreters/test/variable/unreached_undefined.lox actual
ok
../craftinginterpreters/test/variable/unreached_undefined.lox expected
ok

../craftinginterpreters/test/variable/collide_with_parameter.lox actual
../craftinginterpreters/test/variable/collide_with_parameter.lox expected

../craftinginterpreters/test/variable/use_local_in_initializer.lox actual
Error: Can't read local variable from its own initializer.
../craftinginterpreters/test/variable/use_local_in_initializer.lox expected

../craftinginterpreters/test/variable/redefine_global.lox actual
2
../craftinginterpreters/test/variable/redefine_global.lox expected
2

../craftinginterpreters/test/variable/undefined_local.lox actual
Error: variable notDefined not found
../craftinginterpreters/test/variable/undefined_local.lox expected

../craftinginterpreters/test/nil/literal.lox actual
nil
../craftinginterpreters/test/nil/literal.lox expected
nil

../craftinginterpreters/test/unexpected_character.lox actual
thread 'main' panicked at 'called `Option::unwrap()` on a `None` value', src/parser.rs:287:32
note: run with `RUST_BACKTRACE=1` environment variable to display a backtrace
../craftinginterpreters/test/unexpected_character.lox expected

../craftinginterpreters/test/if/var_in_then.lox actual
Error: expected expression
line 1 col 10..13

../craftinginterpreters/test/if/var_in_then.lox expected

../craftinginterpreters/test/if/dangling_else.lox actual
good
../craftinginterpreters/test/if/dangling_else.lox expected
good

../craftinginterpreters/test/if/truth.lox actual
false
nil
true
0
empty
../craftinginterpreters/test/if/truth.lox expected
false
nil
true
0
empty

../craftinginterpreters/test/if/fun_in_else.lox actual
Error: expected expression
line 1 col 8..11

../craftinginterpreters/test/if/fun_in_else.lox expected

../craftinginterpreters/test/if/class_in_else.lox actual
Error: expected expression
line 1 col 8..13

../craftinginterpreters/test/if/class_in_else.lox expected

../craftinginterpreters/test/if/else.lox actual
good
good
block
../craftinginterpreters/test/if/else.lox expected
good
good
block

../craftinginterpreters/test/if/fun_in_then.lox actual
Error: expected expression
line 1 col 10..13

../craftinginterpreters/test/if/fun_in_then.lox expected

../craftinginterpreters/test/if/class_in_then.lox actual
Error: expected expression
line 1 col 10..15

../craftinginterpreters/test/if/class_in_then.lox expected

../craftinginterpreters/test/if/var_in_else.lox actual
Error: expected expression
line 1 col 8..11

../craftinginterpreters/test/if/var_in_else.lox expected

../craftinginterpreters/test/if/if.lox actual
good
block
true
../craftinginterpreters/test/if/if.lox expected
good
block
true

../craftinginterpreters/test/assignment/grouping.lox actual
../craftinginterpreters/test/assignment/grouping.lox expected

../craftinginterpreters/test/assignment/syntax.lox actual
var
var
../craftinginterpreters/test/assignment/syntax.lox expected
var
var

../craftinginterpreters/test/assignment/global.lox actual
before
after
arg
arg
../craftinginterpreters/test/assignment/global.lox expected
before
after
arg
arg

../craftinginterpreters/test/assignment/prefix_operator.lox actual
../craftinginterpreters/test/assignment/prefix_operator.lox expected

../craftinginterpreters/test/assignment/associativity.lox actual
c
c
c
../craftinginterpreters/test/assignment/associativity.lox expected
c
c
c

../craftinginterpreters/test/assignment/to_this.lox actual
../craftinginterpreters/test/assignment/to_this.lox expected

../craftinginterpreters/test/assignment/infix_operator.lox actual
../craftinginterpreters/test/assignment/infix_operator.lox expected

../craftinginterpreters/test/assignment/local.lox actual
before
after
arg
arg
../craftinginterpreters/test/assignment/local.lox expected
before
after
arg
arg

../craftinginterpreters/test/assignment/undefined.lox actual
thread 'main' panicked at 'called `Result::unwrap()` on an `Err` value: Message("Undefined variable 'unknown'.")', src/eval.rs:153:45
note: run with `RUST_BACKTRACE=1` environment variable to display a backtrace
../craftinginterpreters/test/assignment/undefined.lox expected

../craftinginterpreters/test/return/after_if.lox actual
ok
../craftinginterpreters/test/return/after_if.lox expected
ok

../craftinginterpreters/test/return/after_else.lox actual
ok
../craftinginterpreters/test/return/after_else.lox expected
ok

../craftinginterpreters/test/return/at_top_level.lox actual
Error: Can't return from top-level code.
../craftinginterpreters/test/return/at_top_level.lox expected

../craftinginterpreters/test/return/return_nil_if_no_value.lox actual
nil
../craftinginterpreters/test/return/return_nil_if_no_value.lox expected
nil

../craftinginterpreters/test/return/in_method.lox actual
ok
../craftinginterpreters/test/return/in_method.lox expected
ok

../craftinginterpreters/test/return/in_function.lox actual
ok
../craftinginterpreters/test/return/in_function.lox expected
ok

../craftinginterpreters/test/return/after_while.lox actual
ok
../craftinginterpreters/test/return/after_while.lox expected
ok

../craftinginterpreters/test/function/local_mutual_recursion.lox actual
Error: variable isOdd not found
../craftinginterpreters/test/function/local_mutual_recursion.lox expected

../craftinginterpreters/test/function/empty_body.lox actual
nil
../craftinginterpreters/test/function/empty_body.lox expected
nil

../craftinginterpreters/test/function/too_many_arguments.lox actual
Error: Can't have more than 255 arguments
line 259 col 5..6

../craftinginterpreters/test/function/too_many_arguments.lox expected

../craftinginterpreters/test/function/missing_comma_in_parameters.lox actual
Error: expected to find type RightParen Expect ')' after parameters.
line 2 col 13..14

../craftinginterpreters/test/function/missing_comma_in_parameters.lox expected

../craftinginterpreters/test/function/nested_call_with_arguments.lox actual
Error: expected to find type Semicolon Expect ';' after return value.
line 5 col 24..25

../craftinginterpreters/test/function/nested_call_with_arguments.lox expected
hello world

../craftinginterpreters/test/function/body_must_be_block.lox actual
Error: expected to find type LeftBrace Expect '{' before function body.
line 2 col 8..11

../craftinginterpreters/test/function/body_must_be_block.lox expected

../craftinginterpreters/test/function/missing_arguments.lox actual
Error: Expected 2 arguments but got 1.
../craftinginterpreters/test/function/missing_arguments.lox expected

../craftinginterpreters/test/function/parameters.lox actual
0
1
3
6
10
15
21
28
36
../craftinginterpreters/test/function/parameters.lox expected
0
1
3
6
10
15
21
28
36

../craftinginterpreters/test/function/local_recursion.lox actual
21
../craftinginterpreters/test/function/local_recursion.lox expected
21

../craftinginterpreters/test/function/recursion.lox actual
21
../craftinginterpreters/test/function/recursion.lox expected
21

../craftinginterpreters/test/function/print.lox actual
<fn>
<fn>
../craftinginterpreters/test/function/print.lox expected
<fn foo>
<native fn>

../craftinginterpreters/test/function/too_many_parameters.lox actual
Error: Can't have more than 255 parameters.
line 256 col 10..11

../craftinginterpreters/test/function/too_many_parameters.lox expected

../craftinginterpreters/test/function/mutual_recursion.lox actual
true
true
../craftinginterpreters/test/function/mutual_recursion.lox expected
true
true

../craftinginterpreters/test/function/extra_arguments.lox actual
Error: Expected 2 arguments but got 4.
../craftinginterpreters/test/function/extra_arguments.lox expected

../craftinginterpreters/test/field/set_on_nil.lox actual
Error: Only instances have fields.
../craftinginterpreters/test/field/set_on_nil.lox expected

../craftinginterpreters/test/field/get_on_string.lox actual
Error: Only instances have properties.
../craftinginterpreters/test/field/get_on_string.lox expected

../craftinginterpreters/test/field/many.lox actual
apple
apricot
avocado
banana
bilberry
blackberry
blackcurrant
blueberry
boysenberry
cantaloupe
cherimoya
cherry
clementine
cloudberry
coconut
cranberry
currant
damson
date
dragonfruit
durian
elderberry
feijoa
fig
gooseberry
grape
grapefruit
guava
honeydew
huckleberry
jabuticaba
jackfruit
jambul
jujube
juniper
kiwifruit
kumquat
lemon
lime
longan
loquat
lychee
mandarine
mango
marionberry
melon
miracle
mulberry
nance
nectarine
olive
orange
papaya
passionfruit
peach
pear
persimmon
physalis
pineapple
plantain
plum
plumcot
pomegranate
pomelo
quince
raisin
rambutan
raspberry
redcurrant
salak
salmonberry
satsuma
strawberry
tamarillo
tamarind
tangerine
tomato
watermelon
yuzu
../craftinginterpreters/test/field/many.lox expected
apple
apricot
avocado
banana
bilberry
blackberry
blackcurrant
blueberry
boysenberry
cantaloupe
cherimoya
cherry
clementine
cloudberry
coconut
cranberry
currant
damson
date
dragonfruit
durian
elderberry
feijoa
fig
gooseberry
grape
grapefruit
guava
honeydew
huckleberry
jabuticaba
jackfruit
jambul
jujube
juniper
kiwifruit
kumquat
lemon
lime
longan
loquat
lychee
mandarine
mango
marionberry
melon
miracle
mulberry
nance
nectarine
olive
orange
papaya
passionfruit
peach
pear
persimmon
physalis
pineapple
plantain
plum
plumcot
pomegranate
pomelo
quince
raisin
rambutan
raspberry
redcurrant
salak
salmonberry
satsuma
strawberry
tamarillo
tamarind
tangerine
tomato
watermelon
yuzu

../craftinginterpreters/test/field/set_on_function.lox actual
Error: Only instances have fields.
../craftinginterpreters/test/field/set_on_function.lox expected

../craftinginterpreters/test/field/set_on_bool.lox actual
Error: Only instances have fields.
../craftinginterpreters/test/field/set_on_bool.lox expected

../craftinginterpreters/test/field/method.lox actual
got method
arg
../craftinginterpreters/test/field/method.lox expected
got method
arg

../craftinginterpreters/test/field/call_nonfunction_field.lox actual
Error: Can only call functions.
../craftinginterpreters/test/field/call_nonfunction_field.lox expected

../craftinginterpreters/test/field/get_on_nil.lox actual
Error: Only instances have properties.
../craftinginterpreters/test/field/get_on_nil.lox expected

../craftinginterpreters/test/field/set_on_class.lox actual
Error: Only instances have fields.
../craftinginterpreters/test/field/set_on_class.lox expected

../craftinginterpreters/test/field/set_on_string.lox actual
Error: Only instances have fields.
../craftinginterpreters/test/field/set_on_string.lox expected

../craftinginterpreters/test/field/on_instance.lox actual
bar value
baz value
bar value
baz value
../craftinginterpreters/test/field/on_instance.lox expected
bar value
baz value
bar value
baz value

../craftinginterpreters/test/field/get_on_function.lox actual
Error: Only instances have properties.
../craftinginterpreters/test/field/get_on_function.lox expected

../craftinginterpreters/test/field/call_function_field.lox actual
bar
1
2
../craftinginterpreters/test/field/call_function_field.lox expected
bar
1
2

../craftinginterpreters/test/field/set_evaluation_order.lox actual
Error: variable undefined1 not found
../craftinginterpreters/test/field/set_evaluation_order.lox expected

../craftinginterpreters/test/field/method_binds_this.lox actual
foo1
1
../craftinginterpreters/test/field/method_binds_this.lox expected
foo1
1

../craftinginterpreters/test/field/set_on_num.lox actual
Error: Only instances have fields.
../craftinginterpreters/test/field/set_on_num.lox expected

../craftinginterpreters/test/field/get_on_class.lox actual
Error: Only instances have properties.
../craftinginterpreters/test/field/get_on_class.lox expected

../craftinginterpreters/test/field/get_and_set_method.lox actual
other
1
method
2
../craftinginterpreters/test/field/get_and_set_method.lox expected
other
1
method
2

../craftinginterpreters/test/field/get_on_bool.lox actual
Error: Only instances have properties.
../craftinginterpreters/test/field/get_on_bool.lox expected

../craftinginterpreters/test/field/get_on_num.lox actual
Error: Only instances have properties.
../craftinginterpreters/test/field/get_on_num.lox expected

../craftinginterpreters/test/field/undefined.lox actual
Error: Undefined property 'bar'.
../craftinginterpreters/test/field/undefined.lox expected

../craftinginterpreters/test/print/missing_argument.lox actual
Error: expected expression
line 1 col 5..6

../craftinginterpreters/test/print/missing_argument.lox expected

../craftinginterpreters/test/number/decimal_point_at_eof.lox actual
Error: expected to find type Identifier Expect property name after '.'.
line 1 col 4..4

../craftinginterpreters/test/number/decimal_point_at_eof.lox expected

../craftinginterpreters/test/number/nan_equality.lox actual
false
true
false
true
../craftinginterpreters/test/number/nan_equality.lox expected
false
true
false
true

../craftinginterpreters/test/number/literals.lox actual
123
987654
0
-0
123.456
-0.001
../craftinginterpreters/test/number/literals.lox expected
123
987654
0
-0
123.456
-0.001

../craftinginterpreters/test/number/leading_dot.lox actual
Error: expected expression
line 1 col 0..1

../craftinginterpreters/test/number/leading_dot.lox expected

../craftinginterpreters/test/number/trailing_dot.lox actual
Error: expected to find type Identifier Expect property name after '.'.
line 1 col 4..5

../craftinginterpreters/test/number/trailing_dot.lox expected

../craftinginterpreters/test/call/nil.lox actual
Error: Can only call functions.
../craftinginterpreters/test/call/nil.lox expected

../craftinginterpreters/test/call/bool.lox actual
Error: Can only call functions.
../craftinginterpreters/test/call/bool.lox expected

../craftinginterpreters/test/call/num.lox actual
Error: Can only call functions.
../craftinginterpreters/test/call/num.lox expected

../craftinginterpreters/test/call/object.lox actual
Error: Can only call functions.
../craftinginterpreters/test/call/object.lox expected

../craftinginterpreters/test/call/string.lox actual
Error: Can only call functions.
../craftinginterpreters/test/call/string.lox expected

../craftinginterpreters/test/logical_operator/and.lox actual
false
1
false
true
3
true
false
../craftinginterpreters/test/logical_operator/and.lox expected
false
1
false
true
3
true
false

../craftinginterpreters/test/logical_operator/or.lox actual
1
1
true
false
false
false
true
../craftinginterpreters/test/logical_operator/or.lox expected
1
1
true
false
false
false
true

../craftinginterpreters/test/logical_operator/and_truth.lox actual
false
nil
ok
ok
ok
../craftinginterpreters/test/logical_operator/and_truth.lox expected
false
nil
ok
ok
ok

../craftinginterpreters/test/logical_operator/or_truth.lox actual
ok
ok
true
0
s
../craftinginterpreters/test/logical_operator/or_truth.lox expected
ok
ok
true
0
s

../craftinginterpreters/test/inheritance/inherit_from_nil.lox actual
Error: Superclass must be a class.
../craftinginterpreters/test/inheritance/inherit_from_nil.lox expected

../craftinginterpreters/test/inheritance/inherit_from_function.lox actual
Error: Superclass must be a class.
../craftinginterpreters/test/inheritance/inherit_from_function.lox expected

../craftinginterpreters/test/inheritance/parenthesized_superclass.lox actual
Error: expected to find type Identifier Expect superclass name.
line 3 col 12..13

../craftinginterpreters/test/inheritance/parenthesized_superclass.lox expected

../craftinginterpreters/test/inheritance/set_fields_from_base_class.lox actual
Error: Can't use 'this' outside of a class.
../craftinginterpreters/test/inheritance/set_fields_from_base_class.lox expected
foo 1
foo 2
bar 1
bar 2
bar 1
bar 2

../craftinginterpreters/test/inheritance/inherit_from_number.lox actual
Error: Superclass must be a class.
../craftinginterpreters/test/inheritance/inherit_from_number.lox expected

../craftinginterpreters/test/inheritance/inherit_methods.lox actual
foo
bar
bar
../craftinginterpreters/test/inheritance/inherit_methods.lox expected
foo
bar
bar

../craftinginterpreters/test/inheritance/constructor.lox actual
Error: Expected 0 arguments but got 1.
../craftinginterpreters/test/inheritance/constructor.lox expected
value

../craftinginterpreters/test/super/no_superclass_method.lox actual
Error: Undefined property 'doesNotExist'.
../craftinginterpreters/test/super/no_superclass_method.lox expected

../craftinginterpreters/test/super/call_same_method.lox actual
Derived.foo()
Base.foo()
../craftinginterpreters/test/super/call_same_method.lox expected
Derived.foo()
Base.foo()

../craftinginterpreters/test/super/no_superclass_call.lox actual
Error: Can't use 'super' in a class with no subclass.
../craftinginterpreters/test/super/no_superclass_call.lox expected

../craftinginterpreters/test/super/no_superclass_bind.lox actual
Error: Can't use 'super' in a class with no subclass.
../craftinginterpreters/test/super/no_superclass_bind.lox expected

../craftinginterpreters/test/super/parenthesized.lox actual
Error: expected to find type Dot Expect '.' after 'super'.
line 7 col 10..11

../craftinginterpreters/test/super/parenthesized.lox expected

../craftinginterpreters/test/super/this_in_superclass_method.lox actual
Error: Can't use 'this' outside of a class.
../craftinginterpreters/test/super/this_in_superclass_method.lox expected
a
b

../craftinginterpreters/test/super/closure.lox actual
Base
../craftinginterpreters/test/super/closure.lox expected
Base

../craftinginterpreters/test/super/super_in_top_level_function.lox actual
Error: Can't use 'super' outside of a class.
../craftinginterpreters/test/super/super_in_top_level_function.lox expected

../craftinginterpreters/test/super/call_other_method.lox actual
Derived.bar()
Base.foo()
../craftinginterpreters/test/super/call_other_method.lox expected
Derived.bar()
Base.foo()

../craftinginterpreters/test/super/missing_arguments.lox actual
Error: Expected 2 arguments but got 1.
../craftinginterpreters/test/super/missing_arguments.lox expected

../craftinginterpreters/test/super/super_in_closure_in_inherited_method.lox actual
Error: expected to find type Semicolon Expect ';' after value.
line 25 col 16..17

../craftinginterpreters/test/super/super_in_closure_in_inherited_method.lox expected
A

../craftinginterpreters/test/super/super_in_inherited_method.lox actual
A
../craftinginterpreters/test/super/super_in_inherited_method.lox expected
A

../craftinginterpreters/test/super/super_without_dot.lox actual
Error: expected to find type Dot Expect '.' after 'super'.
line 5 col 9..10

../craftinginterpreters/test/super/super_without_dot.lox expected

../craftinginterpreters/test/super/indirectly_inherited.lox actual
C.foo()
A.foo()
../craftinginterpreters/test/super/indirectly_inherited.lox expected
C.foo()
A.foo()

../craftinginterpreters/test/super/super_at_top_level.lox actual
Error: Can't use 'super' outside of a class.
../craftinginterpreters/test/super/super_at_top_level.lox expected

../craftinginterpreters/test/super/super_without_name.lox actual
Error: expected to find type Identifier Expect superclass method name.
line 4 col 10..11

../craftinginterpreters/test/super/super_without_name.lox expected

../craftinginterpreters/test/super/extra_arguments.lox actual
Derived.foo()
Error: Expected 2 arguments but got 4.
../craftinginterpreters/test/super/extra_arguments.lox expected
Derived.foo()

../craftinginterpreters/test/super/bound_method.lox actual
A.method(arg)
../craftinginterpreters/test/super/bound_method.lox expected
A.method(arg)

../craftinginterpreters/test/super/constructor.lox actual
Derived.init()
Error: variable super not found
../craftinginterpreters/test/super/constructor.lox expected
Derived.init()
Base.init(a, b)

../craftinginterpreters/test/super/reassign_superclass.lox actual
Base.method()
Base.method()
../craftinginterpreters/test/super/reassign_superclass.lox expected
Base.method()
Base.method()

../craftinginterpreters/test/bool/equality.lox actual
true
false
false
true
false
false
false
false
false
false
true
true
false
true
true
true
true
true
../craftinginterpreters/test/bool/equality.lox expected
true
false
false
true
false
false
false
false
false
false
true
true
false
true
true
true
true
true

../craftinginterpreters/test/bool/not.lox actual
false
true
true
../craftinginterpreters/test/bool/not.lox expected
false
true
true

../craftinginterpreters/test/expressions/evaluate.lox actual
Error: expected to find type Semicolon Expect ';' after value.
line 4 col 0..0

../craftinginterpreters/test/expressions/evaluate.lox expected
2

../craftinginterpreters/test/expressions/parse.lox actual
Error: expected to find type Semicolon Expect ';' after value.
line 3 col 0..0

../craftinginterpreters/test/expressions/parse.lox expected
(+ (group (- 5.0 (group (- 3.0 1.0)))) (- 1.0))

../craftinginterpreters/test/for/return_closure.lox actual
i
../craftinginterpreters/test/for/return_closure.lox expected
i

../craftinginterpreters/test/for/scope.lox actual
Error: value String("before") is not a number
../craftinginterpreters/test/for/scope.lox expected
0
-1
after
0

../craftinginterpreters/test/for/var_in_body.lox actual
Error: expected expression
line 1 col 9..12

../craftinginterpreters/test/for/var_in_body.lox expected

../craftinginterpreters/test/for/syntax.lox actual
1
2
3
0
1
2
done
0
1
0
1
2
0
1
../craftinginterpreters/test/for/syntax.lox expected
1
2
3
0
1
2
done
0
1
0
1
2
0
1

../craftinginterpreters/test/for/return_inside.lox actual
i
../craftinginterpreters/test/for/return_inside.lox expected
i

../craftinginterpreters/test/for/statement_initializer.lox actual
Error: expected expression
line 2 col 5..6

../craftinginterpreters/test/for/statement_initializer.lox expected

../craftinginterpreters/test/for/statement_increment.lox actual
Error: expected expression
line 1 col 23..24

../craftinginterpreters/test/for/statement_increment.lox expected

../craftinginterpreters/test/for/statement_condition.lox actual
Error: expected expression
line 2 col 16..17

../craftinginterpreters/test/for/statement_condition.lox expected

../craftinginterpreters/test/for/closure_in_body.lox actual
4
1
4
2
4
3
../craftinginterpreters/test/for/closure_in_body.lox expected
4
1
4
2
4
3

../craftinginterpreters/test/for/class_in_body.lox actual
Error: expected expression
line 1 col 9..14

../craftinginterpreters/test/for/class_in_body.lox expected

../craftinginterpreters/test/for/fun_in_body.lox actual
Error: expected expression
line 1 col 9..12

../craftinginterpreters/test/for/fun_in_body.lox expected

../craftinginterpreters/test/class/empty.lox actual
Foo
../craftinginterpreters/test/class/empty.lox expected
Foo

../craftinginterpreters/test/class/local_inherit_self.lox actual
Error: A class can't inherit from itself.
../craftinginterpreters/test/class/local_inherit_self.lox expected

../craftinginterpreters/test/class/local_inherit_other.lox actual
B
../craftinginterpreters/test/class/local_inherit_other.lox expected
B

../craftinginterpreters/test/class/inherited_method.lox actual
in foo
in bar
in baz
../craftinginterpreters/test/class/inherited_method.lox expected
in foo
in bar
in baz

../craftinginterpreters/test/class/reference_self.lox actual
Foo
../craftinginterpreters/test/class/reference_self.lox expected
Foo

../craftinginterpreters/test/class/inherit_self.lox actual
Error: A class can't inherit from itself.
../craftinginterpreters/test/class/inherit_self.lox expected

../craftinginterpreters/test/class/local_reference_self.lox actual
Foo
../craftinginterpreters/test/class/local_reference_self.lox expected
Foo

../craftinginterpreters/test/this/this_in_method.lox actual
baz
../craftinginterpreters/test/this/this_in_method.lox expected
baz

../craftinginterpreters/test/this/this_at_top_level.lox actual
Error: Can't use 'this' outside of a class.
../craftinginterpreters/test/this/this_at_top_level.lox expected

../craftinginterpreters/test/this/closure.lox actual
Foo
../craftinginterpreters/test/this/closure.lox expected
Foo

../craftinginterpreters/test/this/this_in_top_level_function.lox actual
Error: Can't use 'this' outside of a class.
../craftinginterpreters/test/this/this_in_top_level_function.lox expected

../craftinginterpreters/test/this/nested_closure.lox actual
Error: expected to find type Semicolon Expect ';' after value.
line 18 col 15..16

../craftinginterpreters/test/this/nested_closure.lox expected
Foo

../craftinginterpreters/test/this/nested_class.lox actual
<instance of Outer>
<instance of Outer>
<instance of Outer>
../craftinginterpreters/test/this/nested_class.lox expected
Outer instance
Outer instance
Inner instance

../craftinginterpreters/test/string/error_after_multiline.lox actual
Error: variable err not found
../craftinginterpreters/test/string/error_after_multiline.lox expected

../craftinginterpreters/test/string/literals.lox actual
()
a string
A~¶Þॐஃ
../craftinginterpreters/test/string/literals.lox expected
()
a string
A~¶Þॐஃ

../craftinginterpreters/test/string/multiline.lox actual
1
2
3
../craftinginterpreters/test/string/multiline.lox expected
1
2
3

../craftinginterpreters/test/string/unterminated.lox actual
Error: Unterminated string.
line 1 col 0..0

../craftinginterpreters/test/string/unterminated.lox expected

../craftinginterpreters/test/precedence.lox actual
14
8
4
0
true
true
true
true
0
0
0
0
4
../craftinginterpreters/test/precedence.lox expected
14
8
4
0
true
true
true
true
0
0
0
0
4

../craftinginterpreters/test/regression/40.lox actual
false
../craftinginterpreters/test/regression/40.lox expected
false

../craftinginterpreters/test/regression/394.lox actual
B
../craftinginterpreters/test/regression/394.lox expected
B

../craftinginterpreters/test/while/return_closure.lox actual
i
../craftinginterpreters/test/while/return_closure.lox expected
i

../craftinginterpreters/test/while/var_in_body.lox actual
Error: expected expression
line 1 col 13..16

../craftinginterpreters/test/while/var_in_body.lox expected

../craftinginterpreters/test/while/syntax.lox actual
1
2
3
0
1
2
../craftinginterpreters/test/while/syntax.lox expected
1
2
3
0
1
2

../craftinginterpreters/test/while/return_inside.lox actual
i
../craftinginterpreters/test/while/return_inside.lox expected
i

../craftinginterpreters/test/while/closure_in_body.lox actual
1
2
3
../craftinginterpreters/test/while/closure_in_body.lox expected
1
2
3

../craftinginterpreters/test/while/class_in_body.lox actual
Error: expected expression
line 1 col 13..18

../craftinginterpreters/test/while/class_in_body.lox expected

../craftinginterpreters/test/while/fun_in_body.lox actual
Error: expected expression
line 1 col 13..16

../craftinginterpreters/test/while/fun_in_body.lox expected

../craftinginterpreters/test/method/empty_block.lox actual
nil
../craftinginterpreters/test/method/empty_block.lox expected
nil

../craftinginterpreters/test/method/arity.lox actual
no args
1
3
6
10
15
21
28
36
../craftinginterpreters/test/method/arity.lox expected
no args
1
3
6
10
15
21
28
36

../craftinginterpreters/test/method/refer_to_name.lox actual
Error: variable method not found
../craftinginterpreters/test/method/refer_to_name.lox expected

../craftinginterpreters/test/method/too_many_arguments.lox actual
Error: Can't have more than 255 arguments
line 258 col 5..6

../craftinginterpreters/test/method/too_many_arguments.lox expected

../craftinginterpreters/test/method/print_bound_method.lox actual
<fn>
../craftinginterpreters/test/method/print_bound_method.lox expected
<fn method>

../craftinginterpreters/test/method/missing_arguments.lox actual
Error: Expected 2 arguments but got 1.
../craftinginterpreters/test/method/missing_arguments.lox expected

../craftinginterpreters/test/method/not_found.lox actual
Error: Undefined property 'unknown'.
../craftinginterpreters/test/method/not_found.lox expected

../craftinginterpreters/test/method/too_many_parameters.lox actual
Error: Can't have more than 255 parameters.
line 257 col 10..11

../craftinginterpreters/test/method/too_many_parameters.lox expected

../craftinginterpreters/test/method/extra_arguments.lox actual
Error: Expected 2 arguments but got 4.
../craftinginterpreters/test/method/extra_arguments.lox expected

../craftinginterpreters/test/operator/add_num_nil.lox actual
Error: type mismatch for operator +, number and Nil
../craftinginterpreters/test/operator/add_num_nil.lox expected

../craftinginterpreters/test/operator/equals_method.lox actual
true
false
../craftinginterpreters/test/operator/equals_method.lox expected
true
false

../craftinginterpreters/test/operator/equals_class.lox actual
true
false
false
true
false
false
false
false
../craftinginterpreters/test/operator/equals_class.lox expected
true
false
false
true
false
false
false
false

../craftinginterpreters/test/operator/subtract_num_nonnum.lox actual
Error: value String("1") is not a number
../craftinginterpreters/test/operator/subtract_num_nonnum.lox expected

../craftinginterpreters/test/operator/multiply.lox actual
15
3.702
../craftinginterpreters/test/operator/multiply.lox expected
15
3.702

../craftinginterpreters/test/operator/negate.lox actual
-3
3
-3
../craftinginterpreters/test/operator/negate.lox expected
-3
3
-3

../craftinginterpreters/test/operator/divide_nonnum_num.lox actual
Error: value String("1") is not a number
../craftinginterpreters/test/operator/divide_nonnum_num.lox expected

../craftinginterpreters/test/operator/comparison.lox actual
true
false
false
true
true
false
false
false
true
false
true
true
false
false
false
false
true
true
true
true
../craftinginterpreters/test/operator/comparison.lox expected
true
false
false
true
true
false
false
false
true
false
true
true
false
false
false
false
true
true
true
true

../craftinginterpreters/test/operator/greater_num_nonnum.lox actual
Error: value String("1") is not a number
../craftinginterpreters/test/operator/greater_num_nonnum.lox expected

../craftinginterpreters/test/operator/less_or_equal_nonnum_num.lox actual
Error: value String("1") is not a number
../craftinginterpreters/test/operator/less_or_equal_nonnum_num.lox expected

../craftinginterpreters/test/operator/multiply_nonnum_num.lox actual
Error: value String("1") is not a number
../craftinginterpreters/test/operator/multiply_nonnum_num.lox expected

../craftinginterpreters/test/operator/not_equals.lox actual
false
false
true
false
true
false
true
true
true
true
../craftinginterpreters/test/operator/not_equals.lox expected
false
false
true
false
true
false
true
true
true
true

../craftinginterpreters/test/operator/add_bool_num.lox actual
Error: unsupported type for operator + Bool(true)
../craftinginterpreters/test/operator/add_bool_num.lox expected

../craftinginterpreters/test/operator/negate_nonnum.lox actual
Error: unary - must be applied to a number
../craftinginterpreters/test/operator/negate_nonnum.lox expected

../craftinginterpreters/test/operator/add.lox actual
579
string
../craftinginterpreters/test/operator/add.lox expected
579
string

../craftinginterpreters/test/operator/greater_or_equal_nonnum_num.lox actual
Error: value String("1") is not a number
../craftinginterpreters/test/operator/greater_or_equal_nonnum_num.lox expected

../craftinginterpreters/test/operator/equals.lox actual
true
true
false
true
false
true
false
false
false
false
../craftinginterpreters/test/operator/equals.lox expected
true
true
false
true
false
true
false
false
false
false

../craftinginterpreters/test/operator/less_nonnum_num.lox actual
Error: value String("1") is not a number
../craftinginterpreters/test/operator/less_nonnum_num.lox expected

../craftinginterpreters/test/operator/add_bool_string.lox actual
Error: unsupported type for operator + Bool(true)
../craftinginterpreters/test/operator/add_bool_string.lox expected

../craftinginterpreters/test/operator/divide.lox actual
4
1
../craftinginterpreters/test/operator/divide.lox expected
4
1

../craftinginterpreters/test/operator/add_string_nil.lox actual
Error: type mismatch for operator +, string and Nil
../craftinginterpreters/test/operator/add_string_nil.lox expected

../craftinginterpreters/test/operator/add_bool_nil.lox actual
Error: unsupported type for operator + Bool(true)
../craftinginterpreters/test/operator/add_bool_nil.lox expected

../craftinginterpreters/test/operator/divide_num_nonnum.lox actual
Error: value String("1") is not a number
../craftinginterpreters/test/operator/divide_num_nonnum.lox expected

../craftinginterpreters/test/operator/multiply_num_nonnum.lox actual
Error: value String("1") is not a number
../craftinginterpreters/test/operator/multiply_num_nonnum.lox expected

../craftinginterpreters/test/operator/less_or_equal_num_nonnum.lox actual
Error: value String("1") is not a number
../craftinginterpreters/test/operator/less_or_equal_num_nonnum.lox expected

../craftinginterpreters/test/operator/greater_nonnum_num.lox actual
Error: value String("1") is not a number
../craftinginterpreters/test/operator/greater_nonnum_num.lox expected

../craftinginterpreters/test/operator/not.lox actual
false
true
true
false
false
true
false
false
../craftinginterpreters/test/operator/not.lox expected
false
true
true
false
false
true
false
false

../craftinginterpreters/test/operator/add_nil_nil.lox actual
Error: unsupported type for operator + Nil
../craftinginterpreters/test/operator/add_nil_nil.lox expected

../craftinginterpreters/test/operator/subtract.lox actual
1
0
../craftinginterpreters/test/operator/subtract.lox expected
1
0

../craftinginterpreters/test/operator/subtract_nonnum_num.lox actual
Error: value String("1") is not a number
../craftinginterpreters/test/operator/subtract_nonnum_num.lox expected

../craftinginterpreters/test/operator/not_class.lox actual
false
false
../craftinginterpreters/test/operator/not_class.lox expected
false
false

../craftinginterpreters/test/operator/greater_or_equal_num_nonnum.lox actual
Error: value String("1") is not a number
../craftinginterpreters/test/operator/greater_or_equal_num_nonnum.lox expected

../craftinginterpreters/test/operator/less_num_nonnum.lox actual
Error: value String("1") is not a number
../craftinginterpreters/test/operator/less_num_nonnum.lox expected

../craftinginterpreters/test/constructor/call_init_explicitly.lox actual
Foo.init(one)
Error: variable this not found
../craftinginterpreters/test/constructor/call_init_explicitly.lox expected
Foo.init(one)
Foo.init(two)
Foo instance
init

../craftinginterpreters/test/constructor/return_value.lox actual
../craftinginterpreters/test/constructor/return_value.lox expected

../craftinginterpreters/test/constructor/init_not_method.lox actual
not initializer
../craftinginterpreters/test/constructor/init_not_method.lox expected
not initializer

../craftinginterpreters/test/constructor/missing_arguments.lox actual
Error: Expected 2 arguments but got 1.
../craftinginterpreters/test/constructor/missing_arguments.lox expected

../craftinginterpreters/test/constructor/default.lox actual
<instance of Foo>
../craftinginterpreters/test/constructor/default.lox expected
Foo instance

../craftinginterpreters/test/constructor/arguments.lox actual
init
Error: variable this not found
../craftinginterpreters/test/constructor/arguments.lox expected
init
1
2

../craftinginterpreters/test/constructor/default_arguments.lox actual
Error: Expected 0 arguments but got 3.
../craftinginterpreters/test/constructor/default_arguments.lox expected

../craftinginterpreters/test/constructor/call_init_early_return.lox actual
init
Error: variable this not found
../craftinginterpreters/test/constructor/call_init_early_return.lox expected
init
init
Foo instance

../craftinginterpreters/test/constructor/extra_arguments.lox actual
Error: Expected 2 arguments but got 4.
../craftinginterpreters/test/constructor/extra_arguments.lox expected

../craftinginterpreters/test/constructor/return_in_nested_function.lox actual
Error: Can't return a value from an initializer.
../craftinginterpreters/test/constructor/return_in_nested_function.lox expected
bar
Foo instance

../craftinginterpreters/test/constructor/early_return.lox actual
init
Error: variable this not found
../craftinginterpreters/test/constructor/early_return.lox expected
init
Foo instance

../craftinginterpreters/test/block/empty.lox actual
ok
../craftinginterpreters/test/block/empty.lox expected
ok

../craftinginterpreters/test/block/scope.lox actual
inner
outer
../craftinginterpreters/test/block/scope.lox expected
inner
outer

